<?xml version="1.0" encoding="UTF-8"?>
<!-- Generated by org.testng.reporters.JUnitReportReporter -->
<testsuite hostname="DESKTOP-L0CE2LE" failures="0" tests="1" name="demo.CreateOrgTest" time="0.013" errors="0" timestamp="2023-01-17T16:09:33 IST" skipped="0">
  <testcase classname="demo.CreateOrgTest" name="Test1" time="0.013"/>
  <system-out/>
</testsuite> <!-- demo.CreateOrgTest -->
