<?xml version="1.0" encoding="UTF-8"?>
<!-- Generated by org.testng.reporters.JUnitReportReporter -->
<testsuite hostname="DESKTOP-L0CE2LE" failures="0" tests="1" name="CreateOrgTest" time="0.018" errors="0" timestamp="2023-01-17T16:03:16 IST" skipped="0">
  <testcase classname="CreateOrgTest" name="Test1" time="0.018"/>
  <system-out/>
</testsuite> <!-- CreateOrgTest -->
